<?xml version="1.0" encoding="UTF-8"?>
<!-- Generated by org.testng.reporters.JUnitReportReporter -->
<testsuite hostname="muralim" name="practice.Multipledatausingdataprovider" tests="2" failures="0" timestamp="14 Mar 2022 06:34:33 GMT" time="0.047" errors="0">
  <testcase name="multipledata" time="0.016" classname="practice.Multipledatausingdataprovider"/>
  <testcase name="multipledata" time="0.031" classname="practice.Multipledatausingdataprovider"/>
</testsuite> <!-- practice.Multipledatausingdataprovider -->
