<?xml version="1.0" encoding="UTF-8"?>
<!-- Generated by org.testng.reporters.JUnitReportReporter -->
<testsuite hostname="muralim" failures="0" tests="1" name="com.crm.vtiger.CreateOrganizationTest" time="31.143" errors="0" timestamp="2022-03-16T15:23:54 IST" skipped="0">
  <testcase classname="com.crm.vtiger.CreateOrganizationTest" name="createorganization" time="31.143"/>
  <system-out/>
</testsuite> <!-- com.crm.vtiger.CreateOrganizationTest -->
