<?xml version="1.0" encoding="UTF-8"?>
<!-- Generated by org.testng.reporters.JUnitReportReporter -->
<testsuite hostname="muralim" failures="0" tests="11" name="practice.Dataproviderfromexcel" time="0.060" errors="0" timestamp="2022-03-22T14:38:01 IST" skipped="0">
  <testcase classname="practice.Dataproviderfromexcel" name="logintoapp" time="0.014"/>
  <system-out/>
  <testcase classname="practice.Dataproviderfromexcel" name="logintoapp" time="0.003"/>
  <system-out/>
  <testcase classname="practice.Dataproviderfromexcel" name="logintoapp" time="0.002"/>
  <system-out/>
  <testcase classname="practice.Dataproviderfromexcel" name="logintoapp" time="0.004"/>
  <system-out/>
  <testcase classname="practice.Dataproviderfromexcel" name="logintoapp" time="0.007"/>
  <system-out/>
  <testcase classname="practice.Dataproviderfromexcel" name="logintoapp" time="0.003"/>
  <system-out/>
  <testcase classname="practice.Dataproviderfromexcel" name="logintoapp" time="0.004"/>
  <system-out/>
  <testcase classname="practice.Dataproviderfromexcel" name="logintoapp" time="0.008"/>
  <system-out/>
  <testcase classname="practice.Dataproviderfromexcel" name="logintoapp" time="0.007"/>
  <system-out/>
  <testcase classname="practice.Dataproviderfromexcel" name="logintoapp" time="0.004"/>
  <system-out/>
  <testcase classname="practice.Dataproviderfromexcel" name="logintoapp" time="0.004"/>
  <system-out/>
</testsuite> <!-- practice.Dataproviderfromexcel -->
