<?xml version="1.0" encoding="UTF-8"?>
<!-- Generated by org.testng.reporters.JUnitReportReporter -->
<testsuite hostname="muralim" failures="0" tests="2" name="practice.Createpracticecampaign" time="0.020" errors="0" timestamp="2022-03-16T12:46:16 IST" skipped="0">
  <testcase classname="practice.Createpracticecampaign" name="createpracticecampaign" time="0.017"/>
  <system-out/>
  <testcase classname="practice.Createpracticecampaign" name="createpracticecampaignwithproduct" time="0.003"/>
  <system-out/>
</testsuite> <!-- practice.Createpracticecampaign -->
