<?xml version="1.0" encoding="UTF-8"?>
<!-- Generated by org.testng.reporters.JUnitReportReporter -->
<testsuite hostname="muralim" name="practice.CreatecontactTestng" tests="5" failures="0" timestamp="14 Mar 2022 07:48:01 GMT" time="873.768" errors="0">
  <testcase name="multipledata" time="174.785" classname="practice.CreatecontactTestng"/>
  <testcase name="multipledata" time="175.238" classname="practice.CreatecontactTestng"/>
  <testcase name="multipledata" time="174.113" classname="practice.CreatecontactTestng"/>
  <testcase name="multipledata" time="175.269" classname="practice.CreatecontactTestng"/>
  <testcase name="multipledata" time="174.363" classname="practice.CreatecontactTestng"/>
</testsuite> <!-- practice.CreatecontactTestng -->
