<?xml version="1.0" encoding="UTF-8"?>
<!-- Generated by org.testng.reporters.JUnitReportReporter -->
<testsuite hostname="muralim" failures="0" tests="2" name="com.crm.vtiger.CreatecontactTest" time="107.300" errors="0" timestamp="2022-03-16T14:57:35 IST" skipped="0">
  <testcase classname="com.crm.vtiger.CreatecontactTest" name="createcontact" time="67.367"/>
  <system-out/>
  <testcase classname="com.crm.vtiger.CreatecontactTest" name="createcontact" time="39.933"/>
  <system-out/>
</testsuite> <!-- com.crm.vtiger.CreatecontactTest -->
