<?xml version="1.0" encoding="UTF-8"?>
<!-- Generated by org.testng.reporters.JUnitReportReporter -->
<testsuite hostname="muralim" failures="0" tests="4" name="practice.Hardassert" time="0.028" errors="0" timestamp="2022-03-16T16:33:32 IST" skipped="0">
  <testcase classname="practice.Hardassert" name="assertnotequals" time="0.003"/>
  <system-out/>
  <testcase classname="practice.Hardassert" name="booleanequals" time="0.002"/>
  <system-out/>
  <testcase classname="practice.Hardassert" name="assertEquals" time="0.021"/>
  <system-out/>
  <testcase classname="practice.Hardassert" name="assertequal" time="0.002"/>
  <system-out/>
</testsuite> <!-- practice.Hardassert -->
