<?xml version="1.0" encoding="UTF-8"?>
<!-- Generated by org.testng.reporters.JUnitReportReporter -->
<testsuite hostname="muralim" failures="0" tests="2" name="practice.Createpracticeorganization" time="0.010" errors="0" timestamp="2022-03-16T12:46:16 IST" skipped="0">
  <testcase classname="practice.Createpracticeorganization" name="createorganizationwithcontactname" time="0.002"/>
  <system-out/>
  <testcase classname="practice.Createpracticeorganization" name="createpracticeorganization" time="0.008"/>
  <system-out/>
</testsuite> <!-- practice.Createpracticeorganization -->
