<?xml version="1.0" encoding="UTF-8"?>
<!-- Generated by org.testng.reporters.JUnitReportReporter -->
<testsuite hostname="muralim" failures="0" tests="1" name="com.crm.vtiger.Createproduct" time="31.625" errors="0" timestamp="2022-03-15T16:21:03 IST" skipped="0">
  <testcase classname="com.crm.vtiger.Createproduct" name="createproduct" time="31.625"/>
  <system-out/>
</testsuite> <!-- com.crm.vtiger.Createproduct -->
