<?xml version="1.0" encoding="UTF-8"?>
<!-- Generated by org.testng.reporters.JUnitReportReporter -->
<testsuite hostname="muralim" failures="0" tests="1" name="practice.Datadrivernfromtestngtest" time="0.017" errors="0" timestamp="2022-03-16T15:06:42 IST" skipped="0">
  <testcase classname="practice.Datadrivernfromtestngtest" name="getvalues" time="0.017"/>
  <system-out/>
</testsuite> <!-- practice.Datadrivernfromtestngtest -->
