<?xml version="1.0" encoding="UTF-8"?>
<!-- Generated by org.testng.reporters.JUnitReportReporter -->
<testsuite hostname="muralim" failures="0" tests="2" name="practice.Createpracticeproduct" time="0.006" errors="0" timestamp="2022-03-16T12:46:16 IST" skipped="0">
  <testcase classname="practice.Createpracticeproduct" name="createproductwithname" time="0.002"/>
  <system-out/>
  <testcase classname="practice.Createpracticeproduct" name="createproduct" time="0.004"/>
  <system-out/>
</testsuite> <!-- practice.Createpracticeproduct -->
